<?xml version="1.0" encoding="UTF-8"?>
<!-- Generated by org.testng.reporters.JUnitReportReporter -->
<testsuite hostname="DESKTOP-G45KSO6" failures="0" tests="1" name="practice.ErrorValidationsTest" time="18.191" errors="0" timestamp="2024-06-24T13:54:50 IST" skipped="0">
  <testcase classname="practice.ErrorValidationsTest" name="LoginErrorValidation" time="18.191"/>
</testsuite> <!-- practice.ErrorValidationsTest -->
