<?xml version="1.0" encoding="UTF-8"?>
<!-- Generated by org.testng.reporters.JUnitReportReporter -->
<testsuite hostname="DESKTOP-G45KSO6" failures="0" tests="1" name="practice.ErrorValidations" time="32.368" errors="0" timestamp="2024-06-24T12:18:13 IST" skipped="0">
  <testcase classname="practice.ErrorValidations" name="submitOrder" time="32.368"/>
</testsuite> <!-- practice.ErrorValidations -->
